2025-06-01 21:50:56.395 | ERROR    | functions.WebScraper:close:202 - Error closing browser: BrowserContext.close: Target page, context or browser has been closed
2025-06-01 23:53:02.070 | ERROR    | functions.WebScraper:close:202 - Error closing browser: BrowserContext.close: Target page, context or browser has been closed
2025-06-01 23:54:44.468 | ERROR    | functions.WebScraper:close:202 - Error closing browser: BrowserContext.close: Target page, context or browser has been closed
2025-06-02 00:09:39.861 | ERROR    | functions.WebScraper:close:202 - Error closing browser: BrowserContext.close: Target page, context or browser has been closed
2025-06-02 16:20:41.351 | ERROR    | functions.WebScraper:extract_scrape_content:184 - Error scraping https://www.worldometers.info/geography/countries-of-the-world/: Page.goto: Timeout 60000ms exceeded.
Call log:
  - navigating to "https://www.worldometers.info/geography/countries-of-the-world/", waiting until "networkidle"

2025-06-02 18:42:01.183 | ERROR    | functions.WebScraper:extract_scrape_content:184 - Error scraping https://www.worldometers.info/oil/oil-reserves-by-country/: Page.goto: Timeout 60000ms exceeded.
Call log:
  - navigating to "https://www.worldometers.info/oil/oil-reserves-by-country/", waiting until "networkidle"

2025-06-02 18:45:49.179 | ERROR    | functions.WebScraper:extract_scrape_content:184 - Error scraping https://www.worldometers.info/oil/oil-reserves-by-country/: Page.goto: Timeout 60000ms exceeded.
Call log:
  - navigating to "https://www.worldometers.info/oil/oil-reserves-by-country/", waiting until "networkidle"

2025-06-02 18:50:24.711 | ERROR    | functions.WebScraper:extract_scrape_content:184 - Error scraping https://www.worldometers.info/oil/oil-reserves-by-country/: Page.goto: Timeout 60000ms exceeded.
Call log:
  - navigating to "https://www.worldometers.info/oil/oil-reserves-by-country/", waiting until "networkidle"

2025-06-02 18:54:56.548 | ERROR    | functions.WebScraper:extract_scrape_content:184 - Error scraping https://www.worldometers.info/oil/oil-reserves-by-country/: Page.goto: Timeout 60000ms exceeded.
Call log:
  - navigating to "https://www.worldometers.info/oil/oil-reserves-by-country/", waiting until "networkidle"

2025-06-02 20:24:18.179 | ERROR    | functions.WebScraper:extract_scrape_content:184 - Error scraping https://www.worldometers.info/oil/oil-reserves-by-country/: Page.goto: Timeout 60000ms exceeded.
Call log:
  - navigating to "https://www.worldometers.info/oil/oil-reserves-by-country/", waiting until "networkidle"

2025-06-02 20:27:33.248 | ERROR    | functions.WebScraper:close:202 - Error closing browser: BrowserContext.close: Target page, context or browser has been closed
2025-06-02 20:38:11.260 | ERROR    | functions.WebScraper:extract_scrape_content:184 - Error scraping https://www.worldometers.info/oil/oil-reserves-by-country/: Page.goto: Timeout 60000ms exceeded.
Call log:
  - navigating to "https://www.worldometers.info/oil/oil-reserves-by-country/", waiting until "networkidle"

2025-06-02 21:10:44.292 | ERROR    | functions.WebScraper:extract_scrape_content:184 - Error scraping https://www.worldometers.info/oil/oil-reserves-by-country/: Page.goto: Timeout 60000ms exceeded.
Call log:
  - navigating to "https://www.worldometers.info/oil/oil-reserves-by-country/", waiting until "networkidle"

2025-06-02 21:11:09.790 | ERROR    | functions.WebScraper:close:202 - Error closing browser: BrowserContext.close: Target page, context or browser has been closed
2025-06-02 21:12:56.845 | ERROR    | functions.WebScraper:extract_scrape_content:184 - Error scraping https://www.worldometers.info/oil/oil-reserves-by-country/: Page.goto: Timeout 60000ms exceeded.
Call log:
  - navigating to "https://www.worldometers.info/oil/oil-reserves-by-country/", waiting until "networkidle"

2025-06-02 23:17:03.786 | ERROR    | functions.WebScraper:extract_scrape_content:184 - Error scraping https://www.worldometers.info/oil/oil-reserves-by-country/: Page.goto: Timeout 60000ms exceeded.
Call log:
  - navigating to "https://www.worldometers.info/oil/oil-reserves-by-country/", waiting until "networkidle"

2025-06-02 23:50:33.460 | ERROR    | functions.WebScraper:close:202 - Error closing browser: BrowserContext.close: Target page, context or browser has been closed
2025-06-02 23:50:37.599 | ERROR    | functions.WebScraper:close:202 - Error closing browser: BrowserContext.close: Target page, context or browser has been closed
2025-06-03 00:26:10.958 | ERROR    | functions.WebScraper:close:202 - Error closing browser: BrowserContext.close: Target page, context or browser has been closed
Browser logs:

<launching> C:\Users\ikiga\AppData\Local\ms-playwright\chromium_headless_shell-1148\chrome-win\headless_shell.exe --disable-field-trial-config --disable-background-networking --disable-background-timer-throttling --disable-backgrounding-occluded-windows --disable-back-forward-cache --disable-breakpad --disable-client-side-phishing-detection --disable-component-extensions-with-background-pages --disable-component-update --no-default-browser-check --disable-default-apps --disable-dev-shm-usage --disable-extensions --disable-features=ImprovedCookieControls,LazyFrameLoading,GlobalMediaControls,DestroyProfileOnBrowserClose,MediaRouter,DialMediaRouteProvider,AcceptCHFrame,AutoExpandDetailsElement,CertificateTransparencyComponentUpdater,AvoidUnnecessaryBeforeUnloadCheckSync,Translate,HttpsUpgrades,PaintHolding,ThirdPartyStoragePartitioning,LensOverlay,PlzDedicatedWorker --allow-pre-commit-input --disable-hang-monitor --disable-ipc-flooding-protection --disable-popup-blocking --disable-prompt-on-repost --disable-renderer-backgrounding --force-color-profile=srgb --metrics-recording-only --no-first-run --enable-automation --password-store=basic --use-mock-keychain --no-service-autorun --export-tagged-pdf --disable-search-engine-choice-screen --unsafely-disable-devtools-self-xss-warnings --headless --hide-scrollbars --mute-audio --blink-settings=primaryHoverType=2,availableHoverTypes=2,primaryPointerType=4,availablePointerTypes=4 --no-sandbox --disable-blink-features=AutomationControlled --disable-web-security --disable-features=VizDisplayCompositor --no-sandbox --disable-dev-shm-usage --user-data-dir=C:\Users\ikiga\AppData\Local\Temp\playwright_chromiumdev_profile-HprV6S --remote-debugging-pipe --no-startup-window
<launched> pid=57404
[pid=57404][err] [0603/002503.016:ERROR:gles2_cmd_decoder_passthrough.cc(1053)] [GroupMarkerNotSet(crbug.com/242999)!:A0C031005C4E0000]Automatic fallback to software WebGL has been deprecated. Please use the --enable-unsafe-swiftshader flag to opt in to lower security guarantees for trusted content.
[pid=57404][err] [0603/002516.648:ERROR:gles2_cmd_decoder_passthrough.cc(1053)] [GroupMarkerNotSet(crbug.com/242999)!:A0C031005C4E0000]Automatic fallback to software WebGL has been deprecated. Please use the --enable-unsafe-swiftshader flag to opt in to lower security guarantees for trusted content.
[pid=57404][err] [0603/002535.756:ERROR:gles2_cmd_decoder_passthrough.cc(1053)] [GroupMarkerNotSet(crbug.com/242999)!:A0C031005C4E0000]Automatic fallback to software WebGL has been deprecated. Please use the --enable-unsafe-swiftshader flag to opt in to lower security guarantees for trusted content.
[pid=57404][err] [0603/002537.608:ERROR:gles2_cmd_decoder_passthrough.cc(1053)] [GroupMarkerNotSet(crbug.com/242999)!:A0C031005C4E0000]Automatic fallback to software WebGL has been deprecated. Please use the --enable-unsafe-swiftshader flag to opt in to lower security guarantees for trusted content.
[pid=57404][err] [0603/002539.123:ERROR:gles2_cmd_decoder_passthrough.cc(1053)] [GroupMarkerNotSet(crbug.com/242999)!:A0F031005C4E0000]Automatic fallback to software WebGL has been deprecated. Please use the --enable-unsafe-swiftshader flag to opt in to lower security guarantees for trusted content.
[pid=57404][err] [0603/002539.167:ERROR:gles2_cmd_decoder_passthrough.cc(1053)] [GroupMarkerNotSet(crbug.com/242999)!:A02032005C4E0000]Automatic fallback to software WebGL has been deprecated. Please use the --enable-unsafe-swiftshader flag to opt in to lower security guarantees for trusted content.
[pid=57404][err] [0603/002539.699:ERROR:gles2_cmd_decoder_passthrough.cc(1053)] [GroupMarkerNotSet(crbug.com/242999)!:A05032005C4E0000]Automatic fallback to software WebGL has been deprecated. Please use the --enable-unsafe-swiftshader flag to opt in to lower security guarantees for trusted content.
[pid=57404][err] [0603/002539.935:ERROR:gles2_cmd_decoder_passthrough.cc(1053)] [GroupMarkerNotSet(crbug.com/242999)!:A00037005C4E0000]Automatic fallback to software WebGL has been deprecated. Please use the --enable-unsafe-swiftshader flag to opt in to lower security guarantees for trusted content.
[pid=57404][err] [0603/002540.284:ERROR:gles2_cmd_decoder_passthrough.cc(1053)] [GroupMarkerNotSet(crbug.com/242999)!:A03037005C4E0000]Automatic fallback to software WebGL has been deprecated. Please use the --enable-unsafe-swiftshader flag to opt in to lower security guarantees for trusted content.
[pid=57404][err] [0603/002542.952:ERROR:ssl_client_socket_impl.cc(878)] handshake failed; returned -1, SSL error code 1, net_error -100
[pid=57404][err] [0603/002543.445:ERROR:ssl_client_socket_impl.cc(878)] handshake failed; returned -1, SSL error code 1, net_error -100
[pid=57404][err] [0603/002548.611:ERROR:ssl_client_socket_impl.cc(878)] handshake failed; returned -1, SSL error code 1, net_error -100
[pid=57404][err] [0603/002555.694:ERROR:ssl_client_socket_impl.cc(878)] handshake failed; returned -1, SSL error code 1, net_error -100
[pid=57404][err] [0603/002607.680:ERROR:gles2_cmd_decoder_passthrough.cc(1053)] [GroupMarkerNotSet(crbug.com/242999)!:A00037005C4E0000]Automatic fallback to software WebGL has been deprecated. Please use the --enable-unsafe-swiftshader flag to opt in to lower security guarantees for trusted content.
[pid=57404][err] [0603/002608.433:ERROR:gles2_cmd_decoder_passthrough.cc(1053)] [GroupMarkerNotSet(crbug.com/242999)!:A00037005C4E0000]Automatic fallback to software WebGL has been deprecated. Please use the --enable-unsafe-swiftshader flag to opt in to lower security guarantees for trusted content.
[pid=57404][err] [0603/002609.116:ERROR:gles2_cmd_decoder_passthrough.cc(1053)] [GroupMarkerNotSet(crbug.com/242999)!:A00037005C4E0000]Automatic fallback to software WebGL has been deprecated. Please use the --enable-unsafe-swiftshader flag to opt in to lower security guarantees for trusted content.
[pid=57404] <gracefully close start>
[pid=57404][err] [0603/002610.929:ERROR:gles2_cmd_decoder_passthrough.cc(1053)] [GroupMarkerNotSet(crbug.com/242999)!:A00037005C4E0000]Automatic fallback to software WebGL has been deprecated. Please use the --enable-unsafe-swiftshader flag to opt in to lower security guarantees for trusted content.
2025-06-03 00:31:28.197 | ERROR    | functions.WebScraper:extract_scrape_content:184 - Error scraping https://www.worldometers.info/coal/coal-reserves-by-country/: Page.goto: Timeout 60000ms exceeded.
Call log:
  - navigating to "https://www.worldometers.info/coal/coal-reserves-by-country/", waiting until "networkidle"

2025-06-03 00:37:21.594 | ERROR    | functions.WebScraper:extract_scrape_content:184 - Error scraping https://www.worldometers.info/coal/coal-reserves-by-country/: Page.goto: Timeout 60000ms exceeded.
Call log:
  - navigating to "https://www.worldometers.info/coal/coal-reserves-by-country/", waiting until "networkidle"

2025-06-03 00:40:50.706 | ERROR    | functions.WebScraper:close:202 - Error closing browser: BrowserContext.close: Target page, context or browser has been closed
2025-06-03 10:42:51.995 | ERROR    | functions.WebScraper:close:202 - Error closing browser: BrowserContext.close: Target page, context or browser has been closed
2025-06-03 11:05:46.609 | ERROR    | functions.WebScraper:extract_scrape_content:184 - Error scraping https://www.worldometers.info/coal/coal-production-by-country/: Page.goto: Timeout 60000ms exceeded.
Call log:
  - navigating to "https://www.worldometers.info/coal/coal-production-by-country/", waiting until "networkidle"

2025-06-03 11:06:48.696 | ERROR    | functions.WebScraper:extract_scrape_content:184 - Error scraping https://www.worldometers.info/coal/coal-production-by-country/: Page.goto: Timeout 60000ms exceeded.
Call log:
  - navigating to "https://www.worldometers.info/coal/coal-production-by-country/", waiting until "networkidle"

2025-06-03 11:07:38.837 | ERROR    | functions.WebScraper:close:202 - Error closing browser: BrowserContext.close: Target page, context or browser has been closed
2025-06-03 11:08:43.438 | ERROR    | functions.WebScraper:extract_scrape_content:184 - Error scraping https://www.worldometers.info/coal/: Page.goto: Timeout 60000ms exceeded.
Call log:
  - navigating to "https://www.worldometers.info/coal/", waiting until "networkidle"

2025-06-03 11:09:45.514 | ERROR    | functions.WebScraper:extract_scrape_content:184 - Error scraping https://www.worldometers.info/coal/: Page.goto: Timeout 60000ms exceeded.
Call log:
  - navigating to "https://www.worldometers.info/coal/", waiting until "networkidle"

2025-06-03 11:10:47.575 | ERROR    | functions.WebScraper:extract_scrape_content:184 - Error scraping https://www.worldometers.info/coal/: Page.goto: Timeout 60000ms exceeded.
Call log:
  - navigating to "https://www.worldometers.info/coal/", waiting until "networkidle"

2025-06-03 11:10:50.149 | ERROR    | functions.WebScraper:close:202 - Error closing browser: BrowserContext.close: Target page, context or browser has been closed
2025-06-03 12:06:14.561 | ERROR    | functions.WebScraper:extract_scrape_content:184 - Error scraping https://www.worldometers.info/coal/israel-coal/#coal-consumption: Page.goto: Timeout 60000ms exceeded.
Call log:
  - navigating to "https://www.worldometers.info/coal/israel-coal/#coal-consumption", waiting until "networkidle"

2025-06-03 12:08:44.996 | ERROR    | functions.WebScraper:extract_scrape_content:184 - Error scraping https://www.worldometers.info/coal/morocco-coal/#coal-consumption: Page.goto: Timeout 60000ms exceeded.
Call log:
  - navigating to "https://www.worldometers.info/coal/morocco-coal/#coal-consumption", waiting until "networkidle"

2025-06-03 12:09:47.084 | ERROR    | functions.WebScraper:extract_scrape_content:184 - Error scraping https://www.worldometers.info/coal/morocco-coal/#coal-consumption: Page.goto: Timeout 60000ms exceeded.
Call log:
  - navigating to "https://www.worldometers.info/coal/morocco-coal/#coal-consumption", waiting until "networkidle"

2025-06-03 12:10:49.164 | ERROR    | functions.WebScraper:extract_scrape_content:184 - Error scraping https://www.worldometers.info/coal/morocco-coal/#coal-consumption: Page.goto: Timeout 60000ms exceeded.
Call log:
  - navigating to "https://www.worldometers.info/coal/morocco-coal/#coal-consumption", waiting until "networkidle"

2025-06-03 12:11:53.231 | ERROR    | functions.WebScraper:extract_scrape_content:184 - Error scraping https://www.worldometers.info/coal/morocco-coal/#coal-consumption: Page.goto: Timeout 60000ms exceeded.
Call log:
  - navigating to "https://www.worldometers.info/coal/morocco-coal/#coal-consumption", waiting until "networkidle"

2025-06-03 16:54:19.660 | ERROR    | functions.WebScraper:extract_scrape_content:184 - Error scraping https://www.worldometers.info/water/south-sudan-water/: Browser.new_context: Connection closed while reading from the driver
2025-06-03 16:54:19.672 | ERROR    | functions.WebScraper:extract_scrape_content:184 - Error scraping https://www.worldometers.info/water/jamaica-water/: BrowserContext.new_page: Connection closed while reading from the driver
2025-06-03 16:54:19.672 | ERROR    | functions.WebScraper:extract_scrape_content:184 - Error scraping https://www.worldometers.info/water/somalia-water/: Browser.new_context: Connection closed while reading from the driver
2025-06-03 16:54:19.673 | ERROR    | functions.WebScraper:extract_scrape_content:184 - Error scraping https://www.worldometers.info/water/nicaragua-water/: Browser.new_context: Connection closed while reading from the driver
2025-06-03 16:54:19.673 | ERROR    | functions.WebScraper:extract_scrape_content:184 - Error scraping https://www.worldometers.info/water/qatar-water/: Browser.new_context: Connection closed while reading from the driver
2025-06-03 16:54:19.673 | ERROR    | functions.WebScraper:extract_scrape_content:184 - Error scraping https://www.worldometers.info/water/russia-water/: Browser.new_context: Connection closed while reading from the driver
2025-06-03 16:54:19.674 | ERROR    | functions.WebScraper:extract_scrape_content:184 - Error scraping https://www.worldometers.info/water/oman-water/: Browser.new_context: Connection closed while reading from the driver
2025-06-03 16:54:19.674 | ERROR    | functions.WebScraper:extract_scrape_content:184 - Error scraping https://www.worldometers.info/water/slovenia-water/: Browser.new_context: Connection closed while reading from the driver
2025-06-03 16:54:19.674 | ERROR    | functions.WebScraper:extract_scrape_content:184 - Error scraping https://www.worldometers.info/water/spain-water/: Browser.new_context: Connection closed while reading from the driver
2025-06-03 16:54:19.674 | ERROR    | functions.WebScraper:extract_scrape_content:184 - Error scraping https://www.worldometers.info/water/singapore-water/: BrowserContext.new_page: Connection closed while reading from the driver
2025-06-03 16:54:19.675 | ERROR    | functions.WebScraper:close:202 - Error closing browser: Browser.close: Connection closed while reading from the driver
2025-06-03 18:08:44.499 | ERROR    | functions.WebScraper:close:202 - Error closing browser: BrowserContext.close: Target page, context or browser has been closed
2025-06-03 19:01:55.102 | ERROR    | functions.WebScraper:extract_scrape_content:184 - Error scraping https://www.worldometers.info/water/monaco-water/: Page.wait_for_selector: Timeout 30000ms exceeded.
Call log:
  - waiting for locator(".not-prose") to be visible

2025-06-03 19:02:29.741 | ERROR    | functions.WebScraper:extract_scrape_content:184 - Error scraping https://www.worldometers.info/water/monaco-water/: Page.wait_for_selector: Timeout 30000ms exceeded.
Call log:
  - waiting for locator(".not-prose") to be visible

2025-06-03 19:03:05.146 | ERROR    | functions.WebScraper:extract_scrape_content:184 - Error scraping https://www.worldometers.info/water/monaco-water/: Page.wait_for_selector: Timeout 30000ms exceeded.
Call log:
  - waiting for locator(".not-prose") to be visible

2025-06-03 19:03:42.423 | ERROR    | functions.WebScraper:extract_scrape_content:184 - Error scraping https://www.worldometers.info/water/monaco-water/: Page.wait_for_selector: Timeout 30000ms exceeded.
Call log:
  - waiting for locator(".not-prose") to be visible

2025-06-03 19:04:20.298 | ERROR    | functions.WebScraper:extract_scrape_content:184 - Error scraping https://www.worldometers.info/water/monaco-water/: Page.wait_for_selector: Timeout 30000ms exceeded.
Call log:
  - waiting for locator(".not-prose") to be visible

2025-06-03 19:04:57.869 | ERROR    | functions.WebScraper:extract_scrape_content:184 - Error scraping https://www.worldometers.info/water/monaco-water/: Page.wait_for_selector: Timeout 30000ms exceeded.
Call log:
  - waiting for locator(".not-prose") to be visible

2025-06-03 19:05:36.058 | ERROR    | functions.WebScraper:extract_scrape_content:184 - Error scraping https://www.worldometers.info/water/monaco-water/: Page.wait_for_selector: Timeout 30000ms exceeded.
Call log:
  - waiting for locator(".not-prose") to be visible

2025-06-03 19:06:13.775 | ERROR    | functions.WebScraper:extract_scrape_content:184 - Error scraping https://www.worldometers.info/water/monaco-water/: Page.wait_for_selector: Timeout 30000ms exceeded.
Call log:
  - waiting for locator(".not-prose") to be visible

2025-06-03 19:06:51.735 | ERROR    | functions.WebScraper:extract_scrape_content:184 - Error scraping https://www.worldometers.info/water/monaco-water/: Page.wait_for_selector: Timeout 30000ms exceeded.
Call log:
  - waiting for locator(".not-prose") to be visible

2025-06-03 19:07:29.907 | ERROR    | functions.WebScraper:extract_scrape_content:184 - Error scraping https://www.worldometers.info/water/monaco-water/: Page.wait_for_selector: Timeout 30000ms exceeded.
Call log:
  - waiting for locator(".not-prose") to be visible

